<?xml version='1.0'?>
<ns2:test-suite xmlns:ns2='urn:model.allure.qatools.yandex.ru' start='1771570746883' stop='1771570749806'>
    <name>learn-automation website Tests:</name>
    <title>learn-automation website Tests:</title>
    <test-cases>
        <test-case start='1771570747108' status='failed' stop='1771570749636'>
            <name>testing state dropdown</name>
            <title>testing state dropdown</title>
            <labels>
                <label name='language' value='javascript'/>
                <label name='framework' value='codeceptjs'/>
            </labels>
            <parameters/>
            <steps>
                <step start='1771570747465' status='passed' stop='1771570748367'>
                    <name>I am on page "https://freelance-learn-automation.vercel.app/signup"</name>
                    <title>I am on page "https://freelance-learn-automation.vercel.app/signup"</title>
                    <attachments/>
                    <steps/>
                </step>
                <step start='1771570748378' status='passed' stop='1771570749237'>
                    <name>I wait for element "//form//div//div//select[@name="state"]", 10</name>
                    <title>I wait for element "//form//div//div//select[@name="state"]", 10</title>
                    <attachments/>
                    <steps/>
                </step>
                <step start='1771570749238' status='passed' stop='1771570749255'>
                    <name>I see element "//form//div//div//select[@name="state"]"</name>
                    <title>I see element "//form//div//div//select[@name="state"]"</title>
                    <attachments/>
                    <steps/>
                </step>
                <step start='1771570749256' status='passed' stop='1771570749469'>
                    <name>I click "//form//div//div//select[@name="state"]"</name>
                    <title>I click "//form//div//div//select[@name="state"]"</title>
                    <attachments/>
                    <steps/>
                </step>
                <step start='1771570749470' status='passed' stop='1771570749624'>
                    <name>I grab number of visible elements "select[name="state"] option"</name>
                    <title>I grab number of visible elements "select[name="state"] option"</title>
                    <attachments/>
                    <steps/>
                </step>
            </steps>
            <attachments>
                <attachment title='Main session - Last Seen Screenshot' source='44061441-769e-4e0c-9f5e-7eebaecbb474-attachment.png' type='image/png' size='90657'/>
            </attachments>
            <failure>
                <message>Rajasthan should be present in the dropdown
                
                false !== true
                </message>
                <stack-trace>AssertionError [ERR_ASSERTION]: Rajasthan should be present in the dropdown
                
                false !== true
                
                    at Test.&lt;anonymous> (D:\app-files\vscode\pw_x_ccjs\codeceptjs\tests\learn-automation\stateDropDown.js:38:10)</stack-trace>
            </failure>
        </test-case>
    </test-cases>
</ns2:test-suite>