<?xml version='1.0'?>
<ns2:test-suite xmlns:ns2='urn:model.allure.qatools.yandex.ru' start='1771570433621' stop='1771570436020'>
    <name>learn-automation website Tests:</name>
    <title>learn-automation website Tests:</title>
    <test-cases>
        <test-case start='1771570433864' status='failed' stop='1771570435834'>
            <name>testing state dropdown</name>
            <title>testing state dropdown</title>
            <labels>
                <label name='language' value='javascript'/>
                <label name='framework' value='codeceptjs'/>
            </labels>
            <parameters/>
            <steps>
                <step start='1771570434248' status='passed' stop='1771570435213'>
                    <name>I am on page "https://freelance-learn-automation.vercel.app/signup"</name>
                    <title>I am on page "https://freelance-learn-automation.vercel.app/signup"</title>
                    <attachments/>
                    <steps/>
                </step>
                <step start='1771570435223' status='passed' stop='1771570435738'>
                    <name>I see element "//select[@name="state"]"</name>
                    <title>I see element "//select[@name="state"]"</title>
                    <attachments/>
                    <steps/>
                </step>
                <step start='1771570435740' status='passed' stop='1771570435830'>
                    <name>I grab number of visible elements "//select[@name="state"]/option"</name>
                    <title>I grab number of visible elements "//select[@name="state"]/option"</title>
                    <attachments/>
                    <steps/>
                </step>
            </steps>
            <attachments>
                <attachment title='Main session - Last Seen Screenshot' source='9445cdda-bff0-43a2-9e18-d13a4ed6df77-attachment.png' type='image/png' size='90657'/>
            </attachments>
            <failure>
                <message>Rajasthan should be present in the dropdown
                
                false !== true
                </message>
                <stack-trace>AssertionError [ERR_ASSERTION]: Rajasthan should be present in the dropdown
                
                false !== true
                
                    at Test.&lt;anonymous> (D:\app-files\vscode\pw_x_ccjs\codeceptjs\tests\learn-automation\stateDropDown.js:33:12)</stack-trace>
            </failure>
        </test-case>
    </test-cases>
</ns2:test-suite>